2021-10-18 10:46:44,621 - 16160-MainThread - .\main.py[line:178] - INFO: 开始执行 1 个 商品id 6901028004954 商品名 双喜(软蓝红玫王)
2021-10-18 10:46:45,119 - 16160-MainThread - .\main.py[line:160] - INFO: 条码：6901028004954 商品名： 双喜（软蓝红玫王） 当前抓取商品无图片！
2021-10-18 10:46:45,120 - 16160-MainThread - .\main.py[line:178] - INFO: 开始执行 2 个 商品id 6901028004947 商品名 双喜(软蓝红玫王)
2021-10-18 10:46:45,491 - 16160-MainThread - .\main.py[line:160] - INFO: 条码：6901028004947 商品名： 双喜（软蓝红玫王） 当前抓取商品无图片！
2021-10-18 10:46:45,492 - 16160-MainThread - .\main.py[line:178] - INFO: 开始执行 3 个 商品id 6901028004305 商品名 双喜(软经典1906)
2021-10-18 10:46:45,892 - 16160-MainThread - .\main.py[line:160] - INFO: 条码：6901028004305 商品名： 双喜（软经典1906） 当前抓取商品无图片！
2021-10-18 10:46:45,893 - 16160-MainThread - .\main.py[line:178] - INFO: 开始执行 4 个 商品id 6901028004183 商品名 双喜(软经典1906)
2021-10-18 10:46:46,327 - 16160-MainThread - .\main.py[line:160] - INFO: 条码：6901028004183 商品名： 双喜（软经典1906） 当前抓取商品无图片！
2021-10-18 10:46:46,328 - 16160-MainThread - .\main.py[line:178] - INFO: 开始执行 5 个 商品id 6901028004077 商品名 双喜(金01)
2021-10-18 10:46:46,711 - 16160-MainThread - .\main.py[line:160] - INFO: 条码：6901028004077 商品名： 双喜（金01） 当前抓取商品无图片！
2021-10-18 10:46:46,711 - 16160-MainThread - .\main.py[line:178] - INFO: 开始执行 6 个 商品id 6901028004046 商品名 双喜(金01)
2021-10-18 10:46:47,085 - 16160-MainThread - .\main.py[line:160] - INFO: 条码：6901028004046 商品名： 双喜（金01） 当前抓取商品无图片！
2021-10-18 10:46:47,086 - 16160-MainThread - .\main.py[line:178] - INFO: 开始执行 7 个 商品id 6901028003599 商品名 双喜(经典工坊)
2021-10-18 10:46:47,538 - 16160-MainThread - .\main.py[line:160] - INFO: 条码：6901028003599 商品名： 双喜（经典工坊） 当前抓取商品无图片！
2021-10-18 10:46:47,539 - 16160-MainThread - .\main.py[line:178] - INFO: 开始执行 8 个 商品id 6901028003582 商品名 双喜(经典工坊)
2021-10-18 10:46:47,985 - 16160-MainThread - .\main.py[line:160] - INFO: 条码：6901028003582 商品名： 双喜（经典工坊） 当前抓取商品无图片！
2021-10-18 10:46:47,986 - 16160-MainThread - .\main.py[line:178] - INFO: 开始执行 9 个 商品id 6901028002233 商品名 椰树(硬)
2021-10-18 10:46:48,130 - 16160-MainThread - .\main.py[line:162] - INFO: 当前访问过快啦~中国物品编码拒绝了我们的访问, 请等待30秒在访问
2021-10-18 10:47:18,234 - 16160-MainThread - .\main.py[line:162] - INFO: 当前访问过快啦~中国物品编码拒绝了我们的访问, 请等待30秒在访问
2021-10-18 10:47:48,567 - 16160-MainThread - .\main.py[line:160] - INFO: 条码：6901028002233 商品名： 椰树(硬) 当前抓取商品无图片！
2021-10-18 10:47:48,568 - 16160-MainThread - .\main.py[line:178] - INFO: 开始执行 10 个 商品id 6901028002097 商品名 椰树(软)
2021-10-18 10:47:48,973 - 16160-MainThread - .\main.py[line:160] - INFO: 条码：6901028002097 商品名： 椰树(软) 当前抓取商品无图片！
2021-10-18 10:47:48,975 - 16160-MainThread - .\main.py[line:178] - INFO: 开始执行 11 个 商品id 6901028002028 商品名 椰树(软)
2021-10-18 10:47:49,364 - 16160-MainThread - .\main.py[line:160] - INFO: 条码：6901028002028 商品名： 椰树(软) 当前抓取商品无图片！
2021-10-18 10:47:49,365 - 16160-MainThread - .\main.py[line:178] - INFO: 开始执行 12 个 商品id 6901028002011 商品名 椰树(硬)
2021-10-18 10:47:50,302 - 16160-MainThread - .\main.py[line:160] - INFO: 条码：6901028002011 商品名： 椰树(硬) 当前抓取商品无图片！
2021-10-18 10:47:50,303 - 16160-MainThread - .\main.py[line:178] - INFO: 开始执行 13 个 商品id 6901028001915 商品名 双喜(硬红玫王)
2021-10-18 10:47:50,729 - 16160-MainThread - .\main.py[line:160] - INFO: 条码：6901028001915 商品名： 双喜（硬红玫王） 当前抓取商品无图片！
2021-10-18 10:47:50,730 - 16160-MainThread - .\main.py[line:178] - INFO: 开始执行 14 个 商品id 6901028001908 商品名 双喜(硬红玫王)
2021-10-18 10:47:51,158 - 16160-MainThread - .\main.py[line:160] - INFO: 条码：6901028001908 商品名： 双喜（红玫王硬） 当前抓取商品无图片！
2021-10-18 10:47:51,159 - 16160-MainThread - .\main.py[line:178] - INFO: 开始执行 15 个 商品id 6901028001885 商品名 双喜(硬)
2021-10-18 10:47:51,610 - 16160-MainThread - .\main.py[line:160] - INFO: 条码：6901028001885 商品名： 双喜（硬） 当前抓取商品无图片！
2021-10-18 10:47:51,611 - 16160-MainThread - .\main.py[line:178] - INFO: 开始执行 16 个 商品id 6901028001816 商品名 双喜(盛世)
2021-10-18 10:47:52,059 - 16160-MainThread - .\main.py[line:160] - INFO: 条码：6901028001816 商品名： 双喜（盛世） 当前抓取商品无图片！
2021-10-18 10:47:52,060 - 16160-MainThread - .\main.py[line:178] - INFO: 开始执行 17 个 商品id 6901028001809 商品名 双喜(盛世)
2021-10-18 10:47:52,512 - 16160-MainThread - .\main.py[line:160] - INFO: 条码：6901028001809 商品名： 双喜（盛世） 当前抓取商品无图片！
2021-10-18 10:47:52,513 - 16160-MainThread - .\main.py[line:178] - INFO: 开始执行 18 个 商品id 6901028001687 商品名 双喜(软)
2021-10-18 10:47:52,996 - 16160-MainThread - .\main.py[line:160] - INFO: 条码：6901028001687 商品名： 双喜（软） 当前抓取商品无图片！
2021-10-18 10:47:52,997 - 16160-MainThread - .\main.py[line:178] - INFO: 开始执行 19 个 商品id 6901028001625 商品名 双喜(硬经典1906)
2021-10-18 10:47:53,081 - 16160-MainThread - .\main.py[line:162] - INFO: 当前访问过快啦~中国物品编码拒绝了我们的访问, 请等待30秒在访问
2021-10-18 10:48:23,203 - 16160-MainThread - .\main.py[line:162] - INFO: 当前访问过快啦~中国物品编码拒绝了我们的访问, 请等待30秒在访问
2021-10-18 10:48:53,305 - 16160-MainThread - .\main.py[line:162] - INFO: 当前访问过快啦~中国物品编码拒绝了我们的访问, 请等待30秒在访问
2021-10-18 10:49:23,399 - 16160-MainThread - .\main.py[line:162] - INFO: 当前访问过快啦~中国物品编码拒绝了我们的访问, 请等待30秒在访问
2021-10-18 10:49:53,808 - 16160-MainThread - .\main.py[line:160] - INFO: 条码：6901028001625 商品名： 双喜(硬经典1906)200支 当前抓取商品无图片！
2021-10-18 10:49:53,810 - 16160-MainThread - .\main.py[line:178] - INFO: 开始执行 20 个 商品id 6901028001618 商品名 双喜(硬经典1906)
2021-10-18 10:49:54,194 - 16160-MainThread - .\main.py[line:160] - INFO: 条码：6901028001618 商品名： 双喜(硬经典1906) 当前抓取商品无图片！
2021-10-18 10:49:54,195 - 16160-MainThread - .\main.py[line:178] - INFO: 开始执行 21 个 商品id 6901028001182 商品名 双喜(硬)
2021-10-18 10:49:54,616 - 16160-MainThread - .\main.py[line:160] - INFO: 条码：6901028001182 商品名： 双喜（硬） 当前抓取商品无图片！
2021-10-18 10:49:54,616 - 16160-MainThread - .\main.py[line:178] - INFO: 开始执行 22 个 商品id 6901028000994 商品名 双喜(硬01)
2021-10-18 10:49:55,124 - 16160-MainThread - .\main.py[line:160] - INFO: 条码：6901028000994 商品名： 双喜（硬01） 当前抓取商品无图片！
2021-10-18 10:49:55,125 - 16160-MainThread - .\main.py[line:178] - INFO: 开始执行 23 个 商品id 6901028000987 商品名 双喜(硬01)
2021-10-18 10:49:55,565 - 16160-MainThread - .\main.py[line:160] - INFO: 条码：6901028000987 商品名： 双喜（硬01） 当前抓取商品无图片！
2021-10-18 10:49:55,565 - 16160-MainThread - .\main.py[line:178] - INFO: 开始执行 24 个 商品id 6901028000949 商品名 双喜(硬世纪经典)
2021-10-18 10:49:56,012 - 16160-MainThread - .\main.py[line:160] - INFO: 条码：6901028000949 商品名： 双喜(硬世纪经典) 当前抓取商品无图片！
2021-10-18 10:49:56,013 - 16160-MainThread - .\main.py[line:178] - INFO: 开始执行 25 个 商品id 6901028000932 商品名 双喜(硬世纪经典)
2021-10-18 10:49:56,470 - 16160-MainThread - .\main.py[line:160] - INFO: 条码：6901028000932 商品名： 双喜(硬世纪经典) 当前抓取商品无图片！
2021-10-18 10:49:56,471 - 16160-MainThread - .\main.py[line:178] - INFO: 开始执行 26 个 商品id 6901028000833 商品名 双喜(软经典)
2021-10-18 10:49:57,167 - 16160-MainThread - .\main.py[line:160] - INFO: 条码：6901028000833 商品名： 双喜（软经典）200支 当前抓取商品无图片！
2021-10-18 10:49:57,167 - 16160-MainThread - .\main.py[line:178] - INFO: 开始执行 27 个 商品id 6901028000826 商品名 双喜(软经典)
2021-10-18 10:49:57,895 - 16160-MainThread - .\main.py[line:160] - INFO: 条码：6901028000826 商品名： 双喜(软经典) 当前抓取商品无图片！
2021-10-18 10:49:57,896 - 16160-MainThread - .\main.py[line:178] - INFO: 开始执行 28 个 商品id 6901028000659 商品名 双喜(硬经典)
2021-10-18 10:49:58,441 - 16160-MainThread - .\main.py[line:160] - INFO: 条码：6901028000659 商品名： 双喜（硬经典） 当前抓取商品无图片！
2021-10-18 10:49:58,441 - 16160-MainThread - .\main.py[line:178] - INFO: 开始执行 29 个 商品id 6901028000642 商品名 双喜(硬经典)
2021-10-18 10:49:58,533 - 16160-MainThread - .\main.py[line:162] - INFO: 当前访问过快啦~中国物品编码拒绝了我们的访问, 请等待30秒在访问
2021-10-18 10:50:28,621 - 16160-MainThread - .\main.py[line:162] - INFO: 当前访问过快啦~中国物品编码拒绝了我们的访问, 请等待30秒在访问
2021-10-18 10:50:58,720 - 16160-MainThread - .\main.py[line:162] - INFO: 当前访问过快啦~中国物品编码拒绝了我们的访问, 请等待30秒在访问
2021-10-18 10:51:27,482 - 16160-MainThread - .\main.py[line:162] - INFO: 当前访问过快啦~中国物品编码拒绝了我们的访问, 请等待30秒在访问
2021-10-18 10:51:58,104 - 16160-MainThread - .\main.py[line:160] - INFO: 条码：6901028000642 商品名： 双喜（硬经典） 当前抓取商品无图片！
2021-10-18 10:51:58,105 - 16160-MainThread - .\main.py[line:178] - INFO: 开始执行 30 个 商品id 6901010117440 商品名 健力宝运动饮料橙蜜味
2021-10-18 10:51:58,643 - 16160-MainThread - .\main.py[line:41] - INFO: F:\my\code\条形码查询商品信息\code\6901010117440 创建成功
2021-10-18 10:52:00,073 - 16160-MainThread - .\main.py[line:158] - INFO: F:\my\code\条形码查询商品信息\code\6901010117440\20211018105200.png
2021-10-18 10:52:00,074 - 16160-MainThread - .\main.py[line:178] - INFO: 开始执行 31 个 商品id 6901010108165 商品名 健力宝第5季番石榴汁
2021-10-18 10:52:00,609 - 16160-MainThread - .\main.py[line:41] - INFO: F:\my\code\条形码查询商品信息\code\6901010108165 创建成功
2021-10-18 10:52:01,252 - 16160-MainThread - .\main.py[line:158] - INFO: F:\my\code\条形码查询商品信息\code\6901010108165\20211018105201.png
2021-10-18 10:52:01,682 - 16160-MainThread - .\main.py[line:158] - INFO: F:\my\code\条形码查询商品信息\code\6901010108165\20211018105201.png
2021-10-18 10:52:02,060 - 16160-MainThread - .\main.py[line:158] - INFO: F:\my\code\条形码查询商品信息\code\6901010108165\20211018105202.png
2021-10-18 10:52:02,590 - 16160-MainThread - .\main.py[line:158] - INFO: F:\my\code\条形码查询商品信息\code\6901010108165\20211018105202.png
2021-10-18 10:52:03,145 - 16160-MainThread - .\main.py[line:158] - INFO: F:\my\code\条形码查询商品信息\code\6901010108165\20211018105203.png
2021-10-18 10:52:03,614 - 16160-MainThread - .\main.py[line:158] - INFO: F:\my\code\条形码查询商品信息\code\6901010108165\20211018105203.png
2021-10-18 10:52:03,617 - 16160-MainThread - .\main.py[line:178] - INFO: 开始执行 32 个 商品id 6901010101180 商品名 健力宝橙蜜型330ml
2021-10-18 10:52:04,367 - 16160-MainThread - .\main.py[line:41] - INFO: F:\my\code\条形码查询商品信息\code\6901010101180 创建成功
2021-10-18 10:52:04,889 - 16160-MainThread - .\main.py[line:158] - INFO: F:\my\code\条形码查询商品信息\code\6901010101180\20211018105204.png
2021-10-18 10:52:05,235 - 16160-MainThread - .\main.py[line:158] - INFO: F:\my\code\条形码查询商品信息\code\6901010101180\20211018105205.png
2021-10-18 10:52:05,610 - 16160-MainThread - .\main.py[line:158] - INFO: F:\my\code\条形码查询商品信息\code\6901010101180\20211018105205.png
2021-10-18 10:52:05,980 - 16160-MainThread - .\main.py[line:158] - INFO: F:\my\code\条形码查询商品信息\code\6901010101180\20211018105205.png
2021-10-18 10:52:06,417 - 16160-MainThread - .\main.py[line:158] - INFO: F:\my\code\条形码查询商品信息\code\6901010101180\20211018105206.png
2021-10-18 10:52:06,791 - 16160-MainThread - .\main.py[line:158] - INFO: F:\my\code\条形码查询商品信息\code\6901010101180\20211018105206.png
2021-10-18 10:52:06,792 - 16160-MainThread - .\main.py[line:178] - INFO: 开始执行 33 个 商品id 6900873711598 商品名 康师傅经典袋装香菇炖鸡面
2021-10-18 10:52:07,321 - 16160-MainThread - .\main.py[line:160] - INFO: 条码：6900873711598 商品名： 康师傅香菇炖鸡袋面 当前抓取商品无图片！
2021-10-18 10:52:07,322 - 16160-MainThread - .\main.py[line:178] - INFO: 开始执行 34 个 商品id 6900873060061 商品名 康师傅经典袋装红烧牛肉面
2021-10-18 10:52:07,914 - 16160-MainThread - .\main.py[line:160] - INFO: 条码：6900873060061 商品名： 康师傅经典红烧牛肉袋面 当前抓取商品无图片！
2021-10-18 10:52:07,916 - 16160-MainThread - .\main.py[line:178] - INFO: 开始执行 35 个 商品id 6900873012909 商品名 康师傅威风包干脆面(香葱鸡块味)
2021-10-18 10:52:08,433 - 16160-MainThread - .\main.py[line:160] - INFO: 条码：6900873012909 商品名： 康师傅香爆脆吮指香葱鸡味干脆面 当前抓取商品无图片！
2021-10-18 10:52:08,434 - 16160-MainThread - .\main.py[line:178] - INFO: 开始执行 36 个 商品id 6900873012886 商品名 康师傅威风包干脆面(蛋烤番茄味)
2021-10-18 10:52:08,996 - 16160-MainThread - .\main.py[line:160] - INFO: 条码：6900873012886 商品名： 康师傅香爆脆清新小番茄味干脆面 当前抓取商品无图片！
2021-10-18 10:52:08,997 - 16160-MainThread - .\main.py[line:178] - INFO: 开始执行 37 个 商品id 6900873000975 商品名 康师傅经典香辣牛肉桶面
2021-10-18 10:52:09,518 - 16160-MainThread - .\main.py[line:160] - INFO: 条码：6900873000975 商品名： 康师傅经典香辣牛肉桶面 当前抓取商品无图片！
2021-10-18 10:52:09,520 - 16160-MainThread - .\main.py[line:178] - INFO: 开始执行 38 个 商品id 6900873000777 商品名 康师傅经典红烧牛肉桶面
2021-10-18 10:52:10,054 - 16160-MainThread - .\main.py[line:160] - INFO: 条码：6900873000777 商品名： 康师傅经典红烧牛肉桶面 当前抓取商品无图片！
2021-10-18 10:52:10,055 - 16160-MainThread - .\main.py[line:178] - INFO: 开始执行 39 个 商品id 6900873000371 商品名 康师傅大食桶红烧牛肉面143g
2021-10-18 10:52:10,146 - 16160-MainThread - .\main.py[line:162] - INFO: 当前访问过快啦~中国物品编码拒绝了我们的访问, 请等待30秒在访问
2021-10-18 10:52:40,238 - 16160-MainThread - .\main.py[line:162] - INFO: 当前访问过快啦~中国物品编码拒绝了我们的访问, 请等待30秒在访问
